<?xml version="1.0" encoding="UTF-8"?>
<!-- Generated by org.testng.reporters.JUnitXMLReporter -->
<testsuite hostname="BDC6-DX-3Q11N62" ignored="0" name="Default test" tests="4" failures="0" timestamp="23 Apr 2019 09:26:51 GMT" time="25.746" errors="0">
  <testcase name="testRegistration" time="4.799" classname="com.tests.OnlineShoppingTest"/>
  <testcase name="testLogin" time="6.465" classname="com.tests.OnlineShoppingTest"/>
  <testcase name="testCart" time="4.804" classname="com.tests.OnlineShoppingTest"/>
  <testcase name="testPayment" time="2.014" classname="com.tests.OnlineShoppingTest"/>
</testsuite> <!-- Default test -->
